[10-Apr-2020 10:55:03 UTC] Well and good.
[10-Apr-2020 10:55:24 UTC] Well and good.
[10-Apr-2020 10:56:08 UTC] Well and good.
[10-Apr-2020 10:56:08 UTC] PHP Warning:  Cannot modify header information - headers already sent by (output started at C:\xampp\htdocs\wordpress.2020.project\wp-content\plugins\cron-example-one\cron-example-one.php:12) in C:\xampp\htdocs\wordpress.2020.project\wp-includes\http.php on line 494
[10-Apr-2020 10:56:08 UTC] PHP Warning:  Cannot modify header information - headers already sent by (output started at C:\xampp\htdocs\wordpress.2020.project\wp-content\plugins\cron-example-one\cron-example-one.php:12) in C:\xampp\htdocs\wordpress.2020.project\wp-includes\http.php on line 495
[10-Apr-2020 10:56:08 UTC] PHP Warning:  Cannot modify header information - headers already sent by (output started at C:\xampp\htdocs\wordpress.2020.project\wp-content\plugins\cron-example-one\cron-example-one.php:12) in C:\xampp\htdocs\wordpress.2020.project\wp-admin\admin-ajax.php on line 27
[10-Apr-2020 10:56:08 UTC] PHP Warning:  Cannot modify header information - headers already sent by (output started at C:\xampp\htdocs\wordpress.2020.project\wp-content\plugins\cron-example-one\cron-example-one.php:12) in C:\xampp\htdocs\wordpress.2020.project\wp-admin\admin-ajax.php on line 28
[10-Apr-2020 10:56:09 UTC] PHP Warning:  Cannot modify header information - headers already sent by (output started at C:\xampp\htdocs\wordpress.2020.project\wp-content\plugins\cron-example-one\cron-example-one.php:12) in C:\xampp\htdocs\wordpress.2020.project\wp-includes\functions.php on line 6107
[10-Apr-2020 10:56:09 UTC] PHP Warning:  Cannot modify header information - headers already sent by (output started at C:\xampp\htdocs\wordpress.2020.project\wp-content\plugins\cron-example-one\cron-example-one.php:12) in C:\xampp\htdocs\wordpress.2020.project\wp-includes\functions.php on line 6221
[10-Apr-2020 10:56:09 UTC] PHP Warning:  Cannot modify header information - headers already sent by (output started at C:\xampp\htdocs\wordpress.2020.project\wp-content\plugins\cron-example-one\cron-example-one.php:12) in C:\xampp\htdocs\wordpress.2020.project\wp-admin\includes\misc.php on line 1259
[10-Apr-2020 10:57:16 UTC] Well and good.
[10-Apr-2020 10:58:10 UTC] PHP Warning:  Cannot modify header information - headers already sent by (output started at C:\xampp\htdocs\wordpress.2020.project\wp-content\plugins\cron-example-one\cron-example-one.php:12) in C:\xampp\htdocs\wordpress.2020.project\wp-includes\http.php on line 494
[10-Apr-2020 10:58:10 UTC] PHP Warning:  Cannot modify header information - headers already sent by (output started at C:\xampp\htdocs\wordpress.2020.project\wp-content\plugins\cron-example-one\cron-example-one.php:12) in C:\xampp\htdocs\wordpress.2020.project\wp-includes\http.php on line 495
[10-Apr-2020 10:58:10 UTC] PHP Warning:  Cannot modify header information - headers already sent by (output started at C:\xampp\htdocs\wordpress.2020.project\wp-content\plugins\cron-example-one\cron-example-one.php:12) in C:\xampp\htdocs\wordpress.2020.project\wp-admin\admin-ajax.php on line 27
[10-Apr-2020 10:58:10 UTC] PHP Warning:  Cannot modify header information - headers already sent by (output started at C:\xampp\htdocs\wordpress.2020.project\wp-content\plugins\cron-example-one\cron-example-one.php:12) in C:\xampp\htdocs\wordpress.2020.project\wp-admin\admin-ajax.php on line 28
[10-Apr-2020 10:58:10 UTC] PHP Warning:  Cannot modify header information - headers already sent by (output started at C:\xampp\htdocs\wordpress.2020.project\wp-content\plugins\cron-example-one\cron-example-one.php:12) in C:\xampp\htdocs\wordpress.2020.project\wp-includes\functions.php on line 6107
[10-Apr-2020 10:58:10 UTC] PHP Warning:  Cannot modify header information - headers already sent by (output started at C:\xampp\htdocs\wordpress.2020.project\wp-content\plugins\cron-example-one\cron-example-one.php:12) in C:\xampp\htdocs\wordpress.2020.project\wp-includes\functions.php on line 6221
[10-Apr-2020 10:58:10 UTC] PHP Warning:  Cannot modify header information - headers already sent by (output started at C:\xampp\htdocs\wordpress.2020.project\wp-content\plugins\cron-example-one\cron-example-one.php:12) in C:\xampp\htdocs\wordpress.2020.project\wp-admin\includes\misc.php on line 1259
[11-Apr-2020 10:17:18 UTC] PHP Warning:  An unexpected error occurred. Something may be wrong with WordPress.org or this server&#8217;s configuration. If you continue to have problems, please try the <a href="https://wordpress.org/support/forums/">support forums</a>. (WordPress could not establish a secure connection to WordPress.org. Please contact your server administrator.) in C:\xampp\htdocs\wordpress.2020.project\wp-includes\update.php on line 578
[12-Apr-2020 12:19:31 UTC] PHP Warning:  in_array() expects parameter 2 to be array, string given in C:\xampp\htdocs\wordpress.2020.project\wp-content\plugins\event\include\EventCheckboxMetaBox.php on line 31
[12-Apr-2020 12:19:31 UTC] PHP Warning:  in_array() expects parameter 2 to be array, string given in C:\xampp\htdocs\wordpress.2020.project\wp-content\plugins\event\include\EventCheckboxMetaBox.php on line 34
[12-Apr-2020 12:19:31 UTC] PHP Warning:  in_array() expects parameter 2 to be array, string given in C:\xampp\htdocs\wordpress.2020.project\wp-content\plugins\event\include\EventCheckboxMetaBox.php on line 37
[12-Apr-2020 12:19:31 UTC] PHP Warning:  in_array() expects parameter 2 to be array, string given in C:\xampp\htdocs\wordpress.2020.project\wp-content\plugins\event\include\EventCheckboxMetaBox.php on line 40
[12-Apr-2020 12:19:31 UTC] PHP Warning:  in_array() expects parameter 2 to be array, string given in C:\xampp\htdocs\wordpress.2020.project\wp-content\plugins\event\include\EventCheckboxMetaBox.php on line 43
[12-Apr-2020 15:00:36 UTC] PHP Warning:  in_array() expects parameter 2 to be array, string given in C:\xampp\htdocs\wordpress.2020.project\wp-content\plugins\event\include\EventCheckboxMetaBox.php on line 31
[12-Apr-2020 15:00:36 UTC] PHP Warning:  in_array() expects parameter 2 to be array, string given in C:\xampp\htdocs\wordpress.2020.project\wp-content\plugins\event\include\EventCheckboxMetaBox.php on line 34
[12-Apr-2020 15:00:36 UTC] PHP Warning:  in_array() expects parameter 2 to be array, string given in C:\xampp\htdocs\wordpress.2020.project\wp-content\plugins\event\include\EventCheckboxMetaBox.php on line 37
[12-Apr-2020 15:00:36 UTC] PHP Warning:  in_array() expects parameter 2 to be array, string given in C:\xampp\htdocs\wordpress.2020.project\wp-content\plugins\event\include\EventCheckboxMetaBox.php on line 40
[12-Apr-2020 15:00:36 UTC] PHP Warning:  in_array() expects parameter 2 to be array, string given in C:\xampp\htdocs\wordpress.2020.project\wp-content\plugins\event\include\EventCheckboxMetaBox.php on line 43
[12-Apr-2020 15:02:32 UTC] PHP Warning:  in_array() expects parameter 2 to be array, string given in C:\xampp\htdocs\wordpress.2020.project\wp-content\plugins\event\include\EventCheckboxMetaBox.php on line 31
[12-Apr-2020 15:02:33 UTC] PHP Warning:  in_array() expects parameter 2 to be array, string given in C:\xampp\htdocs\wordpress.2020.project\wp-content\plugins\event\include\EventCheckboxMetaBox.php on line 34
[12-Apr-2020 15:02:33 UTC] PHP Warning:  in_array() expects parameter 2 to be array, string given in C:\xampp\htdocs\wordpress.2020.project\wp-content\plugins\event\include\EventCheckboxMetaBox.php on line 37
[12-Apr-2020 15:02:33 UTC] PHP Warning:  in_array() expects parameter 2 to be array, string given in C:\xampp\htdocs\wordpress.2020.project\wp-content\plugins\event\include\EventCheckboxMetaBox.php on line 40
[12-Apr-2020 15:02:33 UTC] PHP Warning:  in_array() expects parameter 2 to be array, string given in C:\xampp\htdocs\wordpress.2020.project\wp-content\plugins\event\include\EventCheckboxMetaBox.php on line 43
[12-Apr-2020 15:02:46 UTC] PHP Warning:  in_array() expects parameter 2 to be array, string given in C:\xampp\htdocs\wordpress.2020.project\wp-content\plugins\event\include\EventCheckboxMetaBox.php on line 31
[12-Apr-2020 15:02:46 UTC] PHP Warning:  in_array() expects parameter 2 to be array, string given in C:\xampp\htdocs\wordpress.2020.project\wp-content\plugins\event\include\EventCheckboxMetaBox.php on line 34
[12-Apr-2020 15:02:46 UTC] PHP Warning:  in_array() expects parameter 2 to be array, string given in C:\xampp\htdocs\wordpress.2020.project\wp-content\plugins\event\include\EventCheckboxMetaBox.php on line 37
[12-Apr-2020 15:02:46 UTC] PHP Warning:  in_array() expects parameter 2 to be array, string given in C:\xampp\htdocs\wordpress.2020.project\wp-content\plugins\event\include\EventCheckboxMetaBox.php on line 40
[12-Apr-2020 15:02:46 UTC] PHP Warning:  in_array() expects parameter 2 to be array, string given in C:\xampp\htdocs\wordpress.2020.project\wp-content\plugins\event\include\EventCheckboxMetaBox.php on line 43
[12-Apr-2020 15:03:57 UTC] PHP Warning:  in_array() expects parameter 2 to be array, string given in C:\xampp\htdocs\wordpress.2020.project\wp-content\plugins\event\include\EventCheckboxMetaBox.php on line 31
[12-Apr-2020 15:03:57 UTC] PHP Warning:  in_array() expects parameter 2 to be array, string given in C:\xampp\htdocs\wordpress.2020.project\wp-content\plugins\event\include\EventCheckboxMetaBox.php on line 34
[12-Apr-2020 15:03:57 UTC] PHP Warning:  in_array() expects parameter 2 to be array, string given in C:\xampp\htdocs\wordpress.2020.project\wp-content\plugins\event\include\EventCheckboxMetaBox.php on line 37
[12-Apr-2020 15:03:57 UTC] PHP Warning:  in_array() expects parameter 2 to be array, string given in C:\xampp\htdocs\wordpress.2020.project\wp-content\plugins\event\include\EventCheckboxMetaBox.php on line 40
[12-Apr-2020 15:03:57 UTC] PHP Warning:  in_array() expects parameter 2 to be array, string given in C:\xampp\htdocs\wordpress.2020.project\wp-content\plugins\event\include\EventCheckboxMetaBox.php on line 43
[12-Apr-2020 15:04:09 UTC] PHP Warning:  in_array() expects parameter 2 to be array, string given in C:\xampp\htdocs\wordpress.2020.project\wp-content\plugins\event\include\EventCheckboxMetaBox.php on line 31
[12-Apr-2020 15:04:09 UTC] PHP Warning:  in_array() expects parameter 2 to be array, string given in C:\xampp\htdocs\wordpress.2020.project\wp-content\plugins\event\include\EventCheckboxMetaBox.php on line 34
[12-Apr-2020 15:04:09 UTC] PHP Warning:  in_array() expects parameter 2 to be array, string given in C:\xampp\htdocs\wordpress.2020.project\wp-content\plugins\event\include\EventCheckboxMetaBox.php on line 37
[12-Apr-2020 15:04:09 UTC] PHP Warning:  in_array() expects parameter 2 to be array, string given in C:\xampp\htdocs\wordpress.2020.project\wp-content\plugins\event\include\EventCheckboxMetaBox.php on line 40
[12-Apr-2020 15:04:09 UTC] PHP Warning:  in_array() expects parameter 2 to be array, string given in C:\xampp\htdocs\wordpress.2020.project\wp-content\plugins\event\include\EventCheckboxMetaBox.php on line 43
[12-Apr-2020 15:05:16 UTC] PHP Warning:  in_array() expects parameter 2 to be array, string given in C:\xampp\htdocs\wordpress.2020.project\wp-content\plugins\event\include\EventCheckboxMetaBox.php on line 31
[12-Apr-2020 15:05:16 UTC] PHP Warning:  in_array() expects parameter 2 to be array, string given in C:\xampp\htdocs\wordpress.2020.project\wp-content\plugins\event\include\EventCheckboxMetaBox.php on line 34
[12-Apr-2020 15:05:16 UTC] PHP Warning:  in_array() expects parameter 2 to be array, string given in C:\xampp\htdocs\wordpress.2020.project\wp-content\plugins\event\include\EventCheckboxMetaBox.php on line 37
[12-Apr-2020 15:05:16 UTC] PHP Warning:  in_array() expects parameter 2 to be array, string given in C:\xampp\htdocs\wordpress.2020.project\wp-content\plugins\event\include\EventCheckboxMetaBox.php on line 40
[12-Apr-2020 15:05:16 UTC] PHP Warning:  in_array() expects parameter 2 to be array, string given in C:\xampp\htdocs\wordpress.2020.project\wp-content\plugins\event\include\EventCheckboxMetaBox.php on line 43
[12-Apr-2020 15:11:51 UTC] PHP Warning:  in_array() expects parameter 2 to be array, string given in C:\xampp\htdocs\wordpress.2020.project\wp-content\plugins\event\include\EventCheckboxMetaBox.php on line 31
[12-Apr-2020 15:11:51 UTC] PHP Warning:  in_array() expects parameter 2 to be array, string given in C:\xampp\htdocs\wordpress.2020.project\wp-content\plugins\event\include\EventCheckboxMetaBox.php on line 34
[12-Apr-2020 15:11:51 UTC] PHP Warning:  in_array() expects parameter 2 to be array, string given in C:\xampp\htdocs\wordpress.2020.project\wp-content\plugins\event\include\EventCheckboxMetaBox.php on line 37
[12-Apr-2020 15:11:51 UTC] PHP Warning:  in_array() expects parameter 2 to be array, string given in C:\xampp\htdocs\wordpress.2020.project\wp-content\plugins\event\include\EventCheckboxMetaBox.php on line 40
[12-Apr-2020 15:11:51 UTC] PHP Warning:  in_array() expects parameter 2 to be array, string given in C:\xampp\htdocs\wordpress.2020.project\wp-content\plugins\event\include\EventCheckboxMetaBox.php on line 43
[12-Apr-2020 15:12:13 UTC] PHP Warning:  in_array() expects parameter 2 to be array, string given in C:\xampp\htdocs\wordpress.2020.project\wp-content\plugins\event\include\EventCheckboxMetaBox.php on line 31
[12-Apr-2020 15:12:14 UTC] PHP Warning:  in_array() expects parameter 2 to be array, string given in C:\xampp\htdocs\wordpress.2020.project\wp-content\plugins\event\include\EventCheckboxMetaBox.php on line 34
[12-Apr-2020 15:12:14 UTC] PHP Warning:  in_array() expects parameter 2 to be array, string given in C:\xampp\htdocs\wordpress.2020.project\wp-content\plugins\event\include\EventCheckboxMetaBox.php on line 37
[12-Apr-2020 15:12:14 UTC] PHP Warning:  in_array() expects parameter 2 to be array, string given in C:\xampp\htdocs\wordpress.2020.project\wp-content\plugins\event\include\EventCheckboxMetaBox.php on line 40
[12-Apr-2020 15:12:14 UTC] PHP Warning:  in_array() expects parameter 2 to be array, string given in C:\xampp\htdocs\wordpress.2020.project\wp-content\plugins\event\include\EventCheckboxMetaBox.php on line 43
[12-Apr-2020 15:13:08 UTC] PHP Warning:  in_array() expects parameter 2 to be array, string given in C:\xampp\htdocs\wordpress.2020.project\wp-content\plugins\event\include\EventCheckboxMetaBox.php on line 31
[12-Apr-2020 15:13:08 UTC] PHP Warning:  in_array() expects parameter 2 to be array, string given in C:\xampp\htdocs\wordpress.2020.project\wp-content\plugins\event\include\EventCheckboxMetaBox.php on line 34
[12-Apr-2020 15:13:08 UTC] PHP Warning:  in_array() expects parameter 2 to be array, string given in C:\xampp\htdocs\wordpress.2020.project\wp-content\plugins\event\include\EventCheckboxMetaBox.php on line 37
[12-Apr-2020 15:13:08 UTC] PHP Warning:  in_array() expects parameter 2 to be array, string given in C:\xampp\htdocs\wordpress.2020.project\wp-content\plugins\event\include\EventCheckboxMetaBox.php on line 40
[12-Apr-2020 15:13:09 UTC] PHP Warning:  in_array() expects parameter 2 to be array, string given in C:\xampp\htdocs\wordpress.2020.project\wp-content\plugins\event\include\EventCheckboxMetaBox.php on line 43
[12-Apr-2020 15:13:30 UTC] PHP Warning:  in_array() expects parameter 2 to be array, string given in C:\xampp\htdocs\wordpress.2020.project\wp-content\plugins\event\include\EventCheckboxMetaBox.php on line 31
[12-Apr-2020 15:13:30 UTC] PHP Warning:  in_array() expects parameter 2 to be array, string given in C:\xampp\htdocs\wordpress.2020.project\wp-content\plugins\event\include\EventCheckboxMetaBox.php on line 34
[12-Apr-2020 15:13:30 UTC] PHP Warning:  in_array() expects parameter 2 to be array, string given in C:\xampp\htdocs\wordpress.2020.project\wp-content\plugins\event\include\EventCheckboxMetaBox.php on line 37
[12-Apr-2020 15:13:31 UTC] PHP Warning:  in_array() expects parameter 2 to be array, string given in C:\xampp\htdocs\wordpress.2020.project\wp-content\plugins\event\include\EventCheckboxMetaBox.php on line 40
[12-Apr-2020 15:13:31 UTC] PHP Warning:  in_array() expects parameter 2 to be array, string given in C:\xampp\htdocs\wordpress.2020.project\wp-content\plugins\event\include\EventCheckboxMetaBox.php on line 43
[12-Apr-2020 17:25:22 UTC] PHP Warning:  in_array() expects parameter 2 to be array, string given in C:\xampp\htdocs\wordpress.2020.project\wp-content\plugins\event\include\EventCheckboxMetaBox.php on line 31
[12-Apr-2020 17:25:22 UTC] PHP Warning:  in_array() expects parameter 2 to be array, string given in C:\xampp\htdocs\wordpress.2020.project\wp-content\plugins\event\include\EventCheckboxMetaBox.php on line 34
[12-Apr-2020 17:25:22 UTC] PHP Warning:  in_array() expects parameter 2 to be array, string given in C:\xampp\htdocs\wordpress.2020.project\wp-content\plugins\event\include\EventCheckboxMetaBox.php on line 37
[12-Apr-2020 17:25:22 UTC] PHP Warning:  in_array() expects parameter 2 to be array, string given in C:\xampp\htdocs\wordpress.2020.project\wp-content\plugins\event\include\EventCheckboxMetaBox.php on line 40
[12-Apr-2020 17:25:22 UTC] PHP Warning:  in_array() expects parameter 2 to be array, string given in C:\xampp\htdocs\wordpress.2020.project\wp-content\plugins\event\include\EventCheckboxMetaBox.php on line 43
[12-Apr-2020 17:27:36 UTC] PHP Warning:  in_array() expects parameter 2 to be array, string given in C:\xampp\htdocs\wordpress.2020.project\wp-content\plugins\event\include\EventCheckboxMetaBox.php on line 31
[12-Apr-2020 17:27:36 UTC] PHP Warning:  in_array() expects parameter 2 to be array, string given in C:\xampp\htdocs\wordpress.2020.project\wp-content\plugins\event\include\EventCheckboxMetaBox.php on line 34
[12-Apr-2020 17:27:36 UTC] PHP Warning:  in_array() expects parameter 2 to be array, string given in C:\xampp\htdocs\wordpress.2020.project\wp-content\plugins\event\include\EventCheckboxMetaBox.php on line 37
[12-Apr-2020 17:27:36 UTC] PHP Warning:  in_array() expects parameter 2 to be array, string given in C:\xampp\htdocs\wordpress.2020.project\wp-content\plugins\event\include\EventCheckboxMetaBox.php on line 40
[12-Apr-2020 17:27:36 UTC] PHP Warning:  in_array() expects parameter 2 to be array, string given in C:\xampp\htdocs\wordpress.2020.project\wp-content\plugins\event\include\EventCheckboxMetaBox.php on line 43
[12-Apr-2020 17:30:03 UTC] PHP Warning:  in_array() expects parameter 2 to be array, string given in C:\xampp\htdocs\wordpress.2020.project\wp-content\plugins\event\include\EventCheckboxMetaBox.php on line 31
[12-Apr-2020 17:30:03 UTC] PHP Warning:  in_array() expects parameter 2 to be array, string given in C:\xampp\htdocs\wordpress.2020.project\wp-content\plugins\event\include\EventCheckboxMetaBox.php on line 34
[12-Apr-2020 17:30:03 UTC] PHP Warning:  in_array() expects parameter 2 to be array, string given in C:\xampp\htdocs\wordpress.2020.project\wp-content\plugins\event\include\EventCheckboxMetaBox.php on line 37
[12-Apr-2020 17:30:03 UTC] PHP Warning:  in_array() expects parameter 2 to be array, string given in C:\xampp\htdocs\wordpress.2020.project\wp-content\plugins\event\include\EventCheckboxMetaBox.php on line 40
[12-Apr-2020 17:30:04 UTC] PHP Warning:  in_array() expects parameter 2 to be array, string given in C:\xampp\htdocs\wordpress.2020.project\wp-content\plugins\event\include\EventCheckboxMetaBox.php on line 43
[12-Apr-2020 17:43:57 UTC] PHP Warning:  in_array() expects parameter 2 to be array, string given in C:\xampp\htdocs\wordpress.2020.project\wp-content\plugins\event\include\EventCheckboxMetaBox.php on line 31
[12-Apr-2020 17:43:57 UTC] PHP Warning:  in_array() expects parameter 2 to be array, string given in C:\xampp\htdocs\wordpress.2020.project\wp-content\plugins\event\include\EventCheckboxMetaBox.php on line 34
[12-Apr-2020 17:43:57 UTC] PHP Warning:  in_array() expects parameter 2 to be array, string given in C:\xampp\htdocs\wordpress.2020.project\wp-content\plugins\event\include\EventCheckboxMetaBox.php on line 37
[12-Apr-2020 17:43:57 UTC] PHP Warning:  in_array() expects parameter 2 to be array, string given in C:\xampp\htdocs\wordpress.2020.project\wp-content\plugins\event\include\EventCheckboxMetaBox.php on line 40
[12-Apr-2020 17:43:57 UTC] PHP Warning:  in_array() expects parameter 2 to be array, string given in C:\xampp\htdocs\wordpress.2020.project\wp-content\plugins\event\include\EventCheckboxMetaBox.php on line 43
[12-Apr-2020 17:45:45 UTC] PHP Warning:  in_array() expects parameter 2 to be array, string given in C:\xampp\htdocs\wordpress.2020.project\wp-content\plugins\event\include\EventCheckboxMetaBox.php on line 31
[12-Apr-2020 17:45:45 UTC] PHP Warning:  in_array() expects parameter 2 to be array, string given in C:\xampp\htdocs\wordpress.2020.project\wp-content\plugins\event\include\EventCheckboxMetaBox.php on line 34
[12-Apr-2020 17:45:45 UTC] PHP Warning:  in_array() expects parameter 2 to be array, string given in C:\xampp\htdocs\wordpress.2020.project\wp-content\plugins\event\include\EventCheckboxMetaBox.php on line 37
[12-Apr-2020 17:45:46 UTC] PHP Warning:  in_array() expects parameter 2 to be array, string given in C:\xampp\htdocs\wordpress.2020.project\wp-content\plugins\event\include\EventCheckboxMetaBox.php on line 40
[12-Apr-2020 17:45:46 UTC] PHP Warning:  in_array() expects parameter 2 to be array, string given in C:\xampp\htdocs\wordpress.2020.project\wp-content\plugins\event\include\EventCheckboxMetaBox.php on line 43
